Build started 05/07/2015 11:40:54.
     1>Project "C:\Users\User\Documents\GitHub\MatrixPilot-1\Tools\HILSIM_XPlane\XP_UDB_HILSIM.vcxproj" on node 2 (Rebuild target(s)).
     1>ClCompile:
         C:\Program Files (x86)\Microsoft Visual Studio 12.0\VC\bin\CL.exe /c /I.\include /Zi /nologo /W3 /WX- /O2 /Oy- /D WIN32 /D NDEBUG /D _WINDOWS /D _USRDLL /D XPNETDATA_EXPORTS /D IBM=1 /D _CRT_SECURE_NO_WARNINGS /D _VC80_UPGRADE=0x0700 /D _WINDLL /D _MBCS /Gm- /EHsc /MT /GS /fp:precise /Zc:wchar_t /Zc:forScope /Yc"stdafx.h" /Fp"Release\XP_UDB_HILSIM.pch" /Fo"Release\\" /Fd"Release\vc120.pdb" /Gd /TP /analyze- /errorReport:prompt stdafx.cpp
         stdafx.cpp
         C:\Program Files (x86)\Microsoft Visual Studio 12.0\VC\bin\CL.exe /c /I.\include /Zi /nologo /W3 /WX- /O2 /Oy- /D WIN32 /D NDEBUG /D _WINDOWS /D _USRDLL /D XPNETDATA_EXPORTS /D IBM=1 /D _CRT_SECURE_NO_WARNINGS /D _VC80_UPGRADE=0x0700 /D _WINDLL /D _MBCS /Gm- /EHsc /MT /GS /fp:precise /Zc:wchar_t /Zc:forScope /Yu"stdafx.h" /Fp"Release\XP_UDB_HILSIM.pch" /Fo"Release\\" /Fd"Release\vc120.pdb" /Gd /TP /analyze- /errorReport:prompt HILSIM.cpp SerialIO.cpp Setup.cpp utility.cpp
         HILSIM.cpp
         SerialIO.cpp
         Setup.cpp
         utility.cpp
         Generating Code...
         C:\Program Files (x86)\Microsoft Visual Studio 12.0\VC\bin\CL.exe /c /I.\include /Zi /nologo /W3 /WX- /O2 /Oy- /D WIN32 /D NDEBUG /D _WINDOWS /D _USRDLL /D XPNETDATA_EXPORTS /D IBM=1 /D _CRT_SECURE_NO_WARNINGS /D _VC80_UPGRADE=0x0700 /D _WINDLL /D _MBCS /Gm- /EHsc /MT /GS /fp:precise /Zc:wchar_t /Zc:forScope /Fo"Release\\" /Fd"Release\vc120.pdb" /Gd /TC /analyze- /errorReport:prompt UDBSocketWin.c
         UDBSocketWin.c
     1>C:\Program Files (x86)\MSBuild\Microsoft.Cpp\v4.0\V120\Microsoft.CppBuild.targets(1186,5): warning MSB8012: TargetPath(C:\Users\User\Documents\GitHub\MatrixPilot-1\Tools\HILSIM_XPlane\Release\XP_UDB_HILSIM.dll) does not match the Linker's OutputFile property value (C:\Users\User\Documents\GitHub\MatrixPilot-1\Tools\HILSIM_XPlane\Release\HILSIM.xpl). This may cause your project to build incorrectly. To correct this, please make sure that $(OutDir), $(TargetName) and $(TargetExt) property values match the value specified in %(Link.OutputFile).
     1>C:\Program Files (x86)\MSBuild\Microsoft.Cpp\v4.0\V120\Microsoft.CppBuild.targets(1187,5): warning MSB8012: TargetExt(.dll) does not match the Linker's OutputFile property value (.xpl). This may cause your project to build incorrectly. To correct this, please make sure that $(OutDir), $(TargetName) and $(TargetExt) property values match the value specified in %(Link.OutputFile).
     1>C:\Program Files (x86)\MSBuild\Microsoft.Cpp\v4.0\V120\Microsoft.CppBuild.targets(1188,5): warning MSB8012: TargetName(XP_UDB_HILSIM) does not match the Linker's OutputFile property value (HILSIM). This may cause your project to build incorrectly. To correct this, please make sure that $(OutDir), $(TargetName) and $(TargetExt) property values match the value specified in %(Link.OutputFile).
       Link:
         C:\Program Files (x86)\Microsoft Visual Studio 12.0\VC\bin\link.exe /ERRORREPORT:PROMPT /OUT:"Release\HILSIM.xpl" /INCREMENTAL /NOLOGO /LIBPATH:.\lib XPLM.lib opengl32.lib ws2_32.lib kernel32.lib user32.lib gdi32.lib winspool.lib comdlg32.lib advapi32.lib shell32.lib ole32.lib oleaut32.lib uuid.lib odbc32.lib odbccp32.lib /MANIFEST /MANIFESTUAC:"level='asInvoker' uiAccess='false'" /manifest:embed /DEBUG /PDB:"Release\XP_UDB_HILSIM.pdb" /SUBSYSTEM:WINDOWS /OPT:REF /OPT:ICF /TLBID:1 /DYNAMICBASE:NO /IMPLIB:"Release\XP-netdata.lib" /MACHINE:X86 /SAFESEH /DLL Release\HILSIM.obj
         Release\SerialIO.obj
         Release\Setup.obj
         Release\stdafx.obj
         Release\UDBSocketWin.obj
         Release\utility.obj
     1>LINK : warning LNK4075: ignoring '/INCREMENTAL' due to '/OPT:ICF' specification
            Creating library Release\XP-netdata.lib and object Release\XP-netdata.exp
         XP_UDB_HILSIM.vcxproj -> C:\Users\User\Documents\GitHub\MatrixPilot-1\Tools\HILSIM_XPlane\Release\XP_UDB_HILSIM.dll
     1>Done Building Project "C:\Users\User\Documents\GitHub\MatrixPilot-1\Tools\HILSIM_XPlane\XP_UDB_HILSIM.vcxproj" (Rebuild target(s)).

Build succeeded.

Time Elapsed 00:00:06.63
