c:\users\user\documents\github\matrixpilot-1\tools\hilsim_xplane\debug\xp_udb_hilsim.pch
c:\users\user\documents\github\matrixpilot-1\tools\hilsim_xplane\debug\vc120.pdb
c:\users\user\documents\github\matrixpilot-1\tools\hilsim_xplane\debug\vc120.idb
c:\users\user\documents\github\matrixpilot-1\tools\hilsim_xplane\debug\stdafx.obj
c:\users\user\documents\github\matrixpilot-1\tools\hilsim_xplane\debug\hilsim.obj
c:\users\user\documents\github\matrixpilot-1\tools\hilsim_xplane\debug\serialio.obj
c:\users\user\documents\github\matrixpilot-1\tools\hilsim_xplane\debug\setup.obj
c:\users\user\documents\github\matrixpilot-1\tools\hilsim_xplane\debug\utility.obj
c:\users\user\documents\github\matrixpilot-1\tools\hilsim_xplane\debug\udbsocketwin.obj
c:\users\user\documents\github\matrixpilot-1\tools\hilsim_xplane\debug\hilsim.ilk
c:\users\user\documents\github\matrixpilot-1\tools\hilsim_xplane\debug\hilsim.xpl
c:\users\user\documents\github\matrixpilot-1\tools\hilsim_xplane\debug\xp-netdata.pdb
c:\users\user\documents\github\matrixpilot-1\tools\hilsim_xplane\debug\xp-netdata.lib
c:\users\user\documents\github\matrixpilot-1\tools\hilsim_xplane\debug\xp-netdata.exp
c:\users\user\documents\github\matrixpilot-1\tools\hilsim_xplane\debug\xp_udb_hilsim.tlog\cl.command.1.tlog
c:\users\user\documents\github\matrixpilot-1\tools\hilsim_xplane\debug\xp_udb_hilsim.tlog\cl.read.1.tlog
c:\users\user\documents\github\matrixpilot-1\tools\hilsim_xplane\debug\xp_udb_hilsim.tlog\cl.write.1.tlog
c:\users\user\documents\github\matrixpilot-1\tools\hilsim_xplane\debug\xp_udb_hilsim.tlog\link.command.1.tlog
c:\users\user\documents\github\matrixpilot-1\tools\hilsim_xplane\debug\xp_udb_hilsim.tlog\link.read.1.tlog
c:\users\user\documents\github\matrixpilot-1\tools\hilsim_xplane\debug\xp_udb_hilsim.tlog\link.write.1.tlog
c:\users\user\documents\github\matrixpilot-1\tools\hilsim_xplane\debug\xp_udb_hilsim.tlog\xp_udb_hilsim.write.1u.tlog
