c:\users\user\documents\github\matrixpilot-1\tools\matrixpilot-sil\debug\vc120.pdb
c:\users\user\documents\github\matrixpilot-1\tools\matrixpilot-sil\debug\vc120.idb
c:\users\user\documents\github\matrixpilot-1\tools\matrixpilot-sil\debug\flightplan-waypoints.obj
c:\users\user\documents\github\matrixpilot-1\tools\matrixpilot-sil\debug\sil-udb.obj
c:\users\user\documents\github\matrixpilot-1\tools\matrixpilot-sil\debug\gpsparsecommon.obj
c:\users\user\documents\github\matrixpilot-1\tools\matrixpilot-sil\debug\gpsparsemtek.obj
c:\users\user\documents\github\matrixpilot-1\tools\matrixpilot-sil\debug\gpsparsenmea.obj
c:\users\user\documents\github\matrixpilot-1\tools\matrixpilot-sil\debug\gpsparsestd.obj
c:\users\user\documents\github\matrixpilot-1\tools\matrixpilot-sil\debug\gpsparseubx.obj
c:\users\user\documents\github\matrixpilot-1\tools\matrixpilot-sil\debug\libdcm.obj
c:\users\user\documents\github\matrixpilot-1\tools\matrixpilot-sil\debug\mathlibnav.obj
c:\users\user\documents\github\matrixpilot-1\tools\matrixpilot-sil\debug\rmat.obj
c:\users\user\documents\github\matrixpilot-1\tools\matrixpilot-sil\debug\minini.obj
c:\users\user\documents\github\matrixpilot-1\tools\matrixpilot-sil\debug\sil-24lc256.obj
c:\users\user\documents\github\matrixpilot-1\tools\matrixpilot-sil\debug\sil-i2c1.obj
c:\users\user\documents\github\matrixpilot-1\tools\matrixpilot-sil\debug\sil-dsp.obj
c:\users\user\documents\github\matrixpilot-1\tools\matrixpilot-sil\debug\sil-eeprom.obj
c:\users\user\documents\github\matrixpilot-1\tools\matrixpilot-sil\debug\sil-events.obj
c:\users\user\documents\github\matrixpilot-1\tools\matrixpilot-sil\debug\sil-filesystem.obj
c:\users\user\documents\github\matrixpilot-1\tools\matrixpilot-sil\debug\sil-serial.obj
c:\users\user\documents\github\matrixpilot-1\tools\matrixpilot-sil\debug\sil-ui-mp-term.obj
c:\users\user\documents\github\matrixpilot-1\tools\matrixpilot-sil\debug\flt2frct.obj
c:\users\user\documents\github\matrixpilot-1\tools\matrixpilot-sil\debug\frct2flt.obj
c:\users\user\documents\github\matrixpilot-1\tools\matrixpilot-sil\debug\main.obj
c:\users\user\documents\github\matrixpilot-1\tools\matrixpilot-sil\debug\mode_switch.obj
c:\users\user\documents\github\matrixpilot-1\tools\matrixpilot-sil\debug\mp_osd.obj
c:\users\user\documents\github\matrixpilot-1\tools\matrixpilot-sil\debug\navigate.obj
c:\users\user\documents\github\matrixpilot-1\tools\matrixpilot-sil\debug\nv_memory_table.obj
c:\users\user\documents\github\matrixpilot-1\tools\matrixpilot-sil\debug\parameter_table2.obj
c:\users\user\documents\github\matrixpilot-1\tools\matrixpilot-sil\debug\parameter_table_init.obj
c:\users\user\documents\github\matrixpilot-1\tools\matrixpilot-sil\debug\pitchcntrl.obj
c:\users\user\documents\github\matrixpilot-1\tools\matrixpilot-sil\debug\rollcntrl.obj
c:\users\user\documents\github\matrixpilot-1\tools\matrixpilot-sil\debug\servomix.obj
c:\users\user\documents\github\matrixpilot-1\tools\matrixpilot-sil\debug\servoprepare.obj
c:\users\user\documents\github\matrixpilot-1\tools\matrixpilot-sil\debug\states.obj
c:\users\user\documents\github\matrixpilot-1\tools\matrixpilot-sil\debug\telemetry.obj
c:\users\user\documents\github\matrixpilot-1\tools\matrixpilot-sil\debug\telemetry_log.obj
c:\users\user\documents\github\matrixpilot-1\tools\matrixpilot-sil\debug\yawcntrl.obj
c:\users\user\documents\github\matrixpilot-1\tools\matrixpilot-sil\debug\deadreckoning.obj
c:\users\user\documents\github\matrixpilot-1\tools\matrixpilot-sil\debug\estairspeed.obj
c:\users\user\documents\github\matrixpilot-1\tools\matrixpilot-sil\debug\estaltitude.obj
c:\users\user\documents\github\matrixpilot-1\tools\matrixpilot-sil\debug\estwind.obj
c:\users\user\documents\github\matrixpilot-1\tools\matrixpilot-sil\debug\estyawdrift.obj
c:\users\user\documents\github\matrixpilot-1\tools\matrixpilot-sil\debug\mavflexifunctions.obj
c:\users\user\documents\github\matrixpilot-1\tools\matrixpilot-sil\debug\mavlink.obj
c:\users\user\documents\github\matrixpilot-1\tools\matrixpilot-sil\debug\mavmission.obj
c:\users\user\documents\github\matrixpilot-1\tools\matrixpilot-sil\debug\mavparams.obj
c:\users\user\documents\github\matrixpilot-1\tools\matrixpilot-sil\debug\mavudbextra.obj
c:\users\user\documents\github\matrixpilot-1\tools\matrixpilot-sil\debug\airspeedcntrl.obj
c:\users\user\documents\github\matrixpilot-1\tools\matrixpilot-sil\debug\altitudecntrl.obj
c:\users\user\documents\github\matrixpilot-1\tools\matrixpilot-sil\debug\altitudecntrlvariable.obj
c:\users\user\documents\github\matrixpilot-1\tools\matrixpilot-sil\debug\behavior.obj
c:\users\user\documents\github\matrixpilot-1\tools\matrixpilot-sil\debug\cameracntrl.obj
c:\users\user\documents\github\matrixpilot-1\tools\matrixpilot-sil\debug\config.obj
c:\users\user\documents\github\matrixpilot-1\tools\matrixpilot-sil\debug\config_tests.obj
c:\users\user\documents\github\matrixpilot-1\tools\matrixpilot-sil\debug\data_services.obj
c:\users\user\documents\github\matrixpilot-1\tools\matrixpilot-sil\debug\data_storage.obj
c:\users\user\documents\github\matrixpilot-1\tools\matrixpilot-sil\debug\euler_angles.obj
c:\users\user\documents\github\matrixpilot-1\tools\matrixpilot-sil\debug\flightplan-logo.obj
c:\users\user\documents\github\matrixpilot-1\tools\matrixpilot-sil\debug\helicalturncntrl.obj
c:\users\user\documents\github\matrixpilot-1\tools\matrixpilot-sil\debug\udbsocketwin.obj
c:\users\user\documents\github\matrixpilot-1\tools\matrixpilot-sil\debug\silcat.obj
c:\users\user\documents\github\matrixpilot-1\tools\matrixpilot-sil\debug\matrixpilot-sil2.ilk
c:\users\user\documents\github\matrixpilot-1\tools\matrixpilot-sil\debug\matrixpilot-sil_id1.ilk
c:\users\user\documents\github\matrixpilot-1\tools\matrixpilot-sil\debug\silcat.ilk
c:\users\user\documents\github\matrixpilot-1\tools\matrixpilot-sil\debug\silcat.pdb
c:\users\user\documents\github\matrixpilot-1\tools\matrixpilot-sil\debug\xp-netdata.pdb
c:\users\user\documents\github\matrixpilot-1\tools\matrixpilot-sil\debug\matrixpilot-sil.tlog\cl.command.1.tlog
c:\users\user\documents\github\matrixpilot-1\tools\matrixpilot-sil\debug\matrixpilot-sil.tlog\cl.read.1.tlog
c:\users\user\documents\github\matrixpilot-1\tools\matrixpilot-sil\debug\matrixpilot-sil.tlog\cl.write.1.tlog
c:\users\user\documents\github\matrixpilot-1\tools\matrixpilot-sil\debug\matrixpilot-sil.tlog\link.6672-cvtres.read.1.tlog
c:\users\user\documents\github\matrixpilot-1\tools\matrixpilot-sil\debug\matrixpilot-sil.tlog\link.6672-cvtres.write.1.tlog
c:\users\user\documents\github\matrixpilot-1\tools\matrixpilot-sil\debug\matrixpilot-sil.tlog\link.6672-rc.read.1.tlog
c:\users\user\documents\github\matrixpilot-1\tools\matrixpilot-sil\debug\matrixpilot-sil.tlog\link.6672-rc.write.1.tlog
c:\users\user\documents\github\matrixpilot-1\tools\matrixpilot-sil\debug\matrixpilot-sil.tlog\link.6672.read.1.tlog
c:\users\user\documents\github\matrixpilot-1\tools\matrixpilot-sil\debug\matrixpilot-sil.tlog\link.6672.write.1.tlog
c:\users\user\documents\github\matrixpilot-1\tools\matrixpilot-sil\debug\matrixpilot-sil.tlog\link.command.1.tlog
c:\users\user\documents\github\matrixpilot-1\tools\matrixpilot-sil\debug\matrixpilot-sil.tlog\link.read.1.tlog
c:\users\user\documents\github\matrixpilot-1\tools\matrixpilot-sil\debug\matrixpilot-sil.tlog\link.write.1.tlog
