Build started 03/05/2016 22:30:07.
     1>Project "C:\Users\User\Documents\GitHub\AUAV_V3_TestMavLink\Tools\SLUGS_2-SIL\MatrixPilot-SIL.vcxproj" on node 2 (Rebuild target(s)).
     1>C:\Program Files (x86)\MSBuild\Microsoft.Cpp\v4.0\V120\Microsoft.CppBuild.targets(381,5): warning MSB8028: The intermediate directory (Debug\) contains files shared from another project (MatrixPilot-SIL.vcxproj, silcat.vcxproj).  This can lead to incorrect clean and rebuild behavior.
     1>ClCompile:
         C:\Program Files (x86)\Microsoft Visual Studio 12.0\VC\bin\CL.exe /c /I. /I..\..\libUDB /I..\..\MatrixPilot /I..\..\libFlashFS /I..\HILSIM_XPlane /ZI /nologo /W3 /WX- /Od /Oy- /D MAVLINK_SYSID=2 /D WIN /D WIN32 /D _DEBUG /D _WINDOWS /D _USRDLL /D XPNETDATA_EXPORTS /D IBM=1 /D _CRT_SECURE_NO_WARNINGS /D _VC80_UPGRADE=0x0700 /D _MBCS /Gm /EHsc /RTC1 /MTd /GS /fp:precise /Zc:wchar_t /Zc:forScope /Fo"Debug\\" /Fd"Debug\vc120.pdb" /Gd /TC /analyze- /errorReport:prompt ..\HILSIM_XPlane\UDBSocketWin.c flt2frct.c frct2flt.c main.c "SIL-24LC256.c" "SIL-dsp.c" "SIL-eeprom.c" "SIL-events.c" "SIL-filesystem.c" "SIL-I2C1.c" "SIL-serial.c" "SIL-udb.c" "SIL-ui-mp-term.c"
         SIL-ui-mp-term.c
         SIL-udb.c
     1>c:\users\user\documents\github\auav_v3_testmavlink\tools\slugs_2-sil\sil-udb.c(314): warning C4013: 'execv' undefined; assuming extern returning int
     1>c:\users\user\documents\github\auav_v3_testmavlink\tools\slugs_2-sil\sil-udb.c(327): warning C4244: 'return' : conversion from 'long' to 'uint16_t', possible loss of data
         SIL-serial.c
     1>c:\users\user\documents\github\auav_v3_testmavlink\tools\slugs_2-sil\sil-serial.c(53): warning C4244: '=' : conversion from 'int16_t' to 'uint8_t', possible loss of data
     1>c:\users\user\documents\github\auav_v3_testmavlink\tools\slugs_2-sil\sil-serial.c(88): warning C4244: '=' : conversion from 'int16_t' to 'uint8_t', possible loss of data
         SIL-I2C1.c
         SIL-filesystem.c
         SIL-events.c
         SIL-eeprom.c
         SIL-dsp.c
     1>c:\users\user\documents\github\auav_v3_testmavlink\tools\slugs_2-sil\sil-dsp.c(26): warning C4244: 'return' : conversion from 'double' to 'float', possible loss of data
         SIL-24LC256.c
         main.c
     1>c:\users\user\documents\github\auav_v3_testmavlink\tools\slugs_2-sil\main.c(73): warning C4013: 'udb_init' undefined; assuming extern returning int
     1>c:\users\user\documents\github\auav_v3_testmavlink\tools\slugs_2-sil\main.c(107): warning C4013: 'udb_run' undefined; assuming extern returning int
         frct2flt.c
         flt2frct.c
     1>c:\users\user\documents\github\auav_v3_testmavlink\tools\slugs_2-sil\flt2frct.c(92): warning C4244: 'initializing' : conversion from 'double' to 'long', possible loss of data
     1>c:\users\user\documents\github\auav_v3_testmavlink\tools\slugs_2-sil\flt2frct.c(108): warning C4244: '=' : conversion from 'double' to 'long', possible loss of data
     1>c:\users\user\documents\github\auav_v3_testmavlink\tools\slugs_2-sil\flt2frct.c(118): warning C4244: '+=' : conversion from 'double' to 'long', possible loss of data
     1>c:\users\user\documents\github\auav_v3_testmavlink\tools\slugs_2-sil\flt2frct.c(124): warning C4244: '=' : conversion from 'double' to 'long', possible loss of data
     1>c:\users\user\documents\github\auav_v3_testmavlink\tools\slugs_2-sil\flt2frct.c(130): warning C4244: '=' : conversion from 'double' to 'long', possible loss of data
     1>c:\users\user\documents\github\auav_v3_testmavlink\tools\slugs_2-sil\flt2frct.c(134): warning C4244: '-=' : conversion from 'double' to 'long', possible loss of data
     1>c:\users\user\documents\github\auav_v3_testmavlink\tools\slugs_2-sil\flt2frct.c(146): warning C4244: '+=' : conversion from 'double' to 'long', possible loss of data
         UDBSocketWin.c
         Generating Code...
     1>c:\users\user\documents\github\auav_v3_testmavlink\tools\slugs_2-sil\sil-serial.c(53): warning C4700: uninitialized local variable 'c' used
     1>c:\users\user\documents\github\auav_v3_testmavlink\tools\slugs_2-sil\sil-serial.c(88): warning C4700: uninitialized local variable 'c' used
       Link:
         C:\Program Files (x86)\Microsoft Visual Studio 12.0\VC\bin\link.exe /ERRORREPORT:PROMPT /OUT:"Debug\SLUGS_2-SIL.exe" /INCREMENTAL /NOLOGO /LIBPATH:.\lib ws2_32.lib kernel32.lib user32.lib gdi32.lib winspool.lib comdlg32.lib advapi32.lib shell32.lib ole32.lib oleaut32.lib uuid.lib odbc32.lib odbccp32.lib /MANIFEST /MANIFESTUAC:"level='asInvoker' uiAccess='false'" /manifest:embed /DEBUG /PDB:"Debug\XP-netdata.pdb" /SUBSYSTEM:CONSOLE /TLBID:1 /DYNAMICBASE:NO /IMPLIB:"Debug\XP-netdata.lib" /MACHINE:X86 /SAFESEH Debug\UDBSocketWin.obj
         Debug\flt2frct.obj
         Debug\frct2flt.obj
         Debug\main.obj
         "Debug\SIL-24LC256.obj"
         "Debug\SIL-dsp.obj"
         "Debug\SIL-eeprom.obj"
         "Debug\SIL-events.obj"
         "Debug\SIL-filesystem.obj"
         "Debug\SIL-I2C1.obj"
         "Debug\SIL-serial.obj"
         "Debug\SIL-udb.obj"
         "Debug\SIL-ui-mp-term.obj"
     1>UDBSocketWin.obj : warning LNK4075: ignoring '/EDITANDCONTINUE' due to '/SAFESEH' specification
         MatrixPilot-SIL.vcxproj -> C:\Users\User\Documents\GitHub\AUAV_V3_TestMavLink\Tools\SLUGS_2-SIL\Debug\SLUGS_2-SIL.exe
     1>Done Building Project "C:\Users\User\Documents\GitHub\AUAV_V3_TestMavLink\Tools\SLUGS_2-SIL\MatrixPilot-SIL.vcxproj" (Rebuild target(s)).

Build succeeded.

Time Elapsed 00:00:01.95
