c:\users\user\documents\github\auav_v3_testmavlink\tools\slugs_2-sil\debug\vc120.pdb
c:\users\user\documents\github\auav_v3_testmavlink\tools\slugs_2-sil\debug\vc120.idb
c:\users\user\documents\github\auav_v3_testmavlink\tools\slugs_2-sil\debug\udbsocketwin.obj
c:\users\user\documents\github\auav_v3_testmavlink\tools\slugs_2-sil\debug\flt2frct.obj
c:\users\user\documents\github\auav_v3_testmavlink\tools\slugs_2-sil\debug\frct2flt.obj
c:\users\user\documents\github\auav_v3_testmavlink\tools\slugs_2-sil\debug\main.obj
c:\users\user\documents\github\auav_v3_testmavlink\tools\slugs_2-sil\debug\sil-24lc256.obj
c:\users\user\documents\github\auav_v3_testmavlink\tools\slugs_2-sil\debug\sil-dsp.obj
c:\users\user\documents\github\auav_v3_testmavlink\tools\slugs_2-sil\debug\sil-eeprom.obj
c:\users\user\documents\github\auav_v3_testmavlink\tools\slugs_2-sil\debug\sil-events.obj
c:\users\user\documents\github\auav_v3_testmavlink\tools\slugs_2-sil\debug\sil-filesystem.obj
c:\users\user\documents\github\auav_v3_testmavlink\tools\slugs_2-sil\debug\sil-i2c1.obj
c:\users\user\documents\github\auav_v3_testmavlink\tools\slugs_2-sil\debug\sil-serial.obj
c:\users\user\documents\github\auav_v3_testmavlink\tools\slugs_2-sil\debug\sil-udb.obj
c:\users\user\documents\github\auav_v3_testmavlink\tools\slugs_2-sil\debug\sil-ui-mp-term.obj
c:\users\user\documents\github\auav_v3_testmavlink\tools\slugs_2-sil\debug\slugs_2-sil.ilk
c:\users\user\documents\github\auav_v3_testmavlink\tools\slugs_2-sil\debug\slugs_2-sil.exe
c:\users\user\documents\github\auav_v3_testmavlink\tools\slugs_2-sil\debug\xp-netdata.pdb
c:\users\user\documents\github\auav_v3_testmavlink\tools\slugs_2-sil\debug\slugs_2-sil.tlog\cl.command.1.tlog
c:\users\user\documents\github\auav_v3_testmavlink\tools\slugs_2-sil\debug\slugs_2-sil.tlog\cl.read.1.tlog
c:\users\user\documents\github\auav_v3_testmavlink\tools\slugs_2-sil\debug\slugs_2-sil.tlog\cl.write.1.tlog
c:\users\user\documents\github\auav_v3_testmavlink\tools\slugs_2-sil\debug\slugs_2-sil.tlog\link.command.1.tlog
c:\users\user\documents\github\auav_v3_testmavlink\tools\slugs_2-sil\debug\slugs_2-sil.tlog\link.read.1.tlog
c:\users\user\documents\github\auav_v3_testmavlink\tools\slugs_2-sil\debug\slugs_2-sil.tlog\link.write.1.tlog
